<?xml version="1.0" encoding="UTF-8"?>
<!-- Generated by org.testng.reporters.JUnitReportReporter -->
<testsuite hostname="aaditya" name="testRunner.Runner" tests="1" failures="0" timestamp="9 Nov 2018 16:36:32 GMT" time="61.232" errors="0">
  <testcase name="feature" time="61.232" classname="testRunner.Runner"/>
</testsuite> <!-- testRunner.Runner -->
